0 info it worked if it ends with ok
1 verbose cli [ 'C:\\Program Files\\nodejs\\node.exe',
1 verbose cli   'C:\\Program Files\\nodejs\\node_modules\\npm\\bin\\npm-cli.js',
1 verbose cli   'run',
1 verbose cli   'watch' ]
2 info using npm@3.10.8
3 info using node@v6.9.1
4 verbose run-script [ 'prewatch', 'watch', 'postwatch' ]
5 info lifecycle save-as-firstline@0.0.6~prewatch: save-as-firstline@0.0.6
6 silly lifecycle save-as-firstline@0.0.6~prewatch: no script for prewatch, continuing
7 info lifecycle save-as-firstline@0.0.6~watch: save-as-firstline@0.0.6
8 verbose lifecycle save-as-firstline@0.0.6~watch: unsafe-perm in lifecycle true
9 verbose lifecycle save-as-firstline@0.0.6~watch: PATH: C:\Program Files\nodejs\node_modules\npm\bin\node-gyp-bin;C:\Users\trashfeed\Documents\develop\code\save-as-firstline\node_modules\.bin;C:\Program Files\Docker\Docker\Resources\bin;C:\PROGRAMDATA\ORACLE\JAVA\JAVAPATH;C:\WINDOWS\SYSTEM32;C:\WINDOWS;C:\WINDOWS\SYSTEM32\WBEM;C:\WINDOWS\SYSTEM32\WINDOWSPOWERSHELL\V1.0\;C:\USERS\TRASHFEED\APPDATA\LOCAL\ANDROID\SDK\PLATFORMS;C:\USERS\TRASHFEED\APPDATA\LOCAL\ANDROID\SDK\TOOLS;C:\USERS\TRASHFEED\DOCUMENTS\TOOL\CTAGS;C:\Program Files\Git\cmd;C:\Program Files\nodejs\;C:\Program Files\Java\jre1.8.0_121\bin;C:\Program Files (x86)\Skype\Phone\;C:\ProgramData\ComposerSetup\bin;C:\WINDOWS\system32;C:\WINDOWS;C:\WINDOWS\System32\Wbem;C:\WINDOWS\System32\WindowsPowerShell\v1.0\;C:\php\php5;C:\Program Files\doxygen\bin;C:\Program Files (x86)\Graphviz2.38\bin;C:\Program Files\dotnet\;C:\Program Files (x86)\Popular Beetle;C:\Ruby24-x64\bin;C:\Users\trashfeed\AppData\Local\atom\bin;C:\Users\trashfeed\AppData\Local\Microsoft\WindowsApps;C:\Users\trashfeed\Documents\tool\ctags;C:\Users\trashfeed\AppData\Local\Android\sdk\tools;C:\Users\trashfeed\AppData\Local\Android\sdk\platform-tools;C:\Users\trashfeed\AppData\Roaming\npm;C:\Users\trashfeed\AppData\Roaming\Composer\vendor\bin;C:\Program Files\Microsoft VS Code\bin;C:\Program Files (x86)\Graphviz2.38\bin;C:\Program Files\MySQL\MySQL Server 5.6\bin\;
10 verbose lifecycle save-as-firstline@0.0.6~watch: CWD: C:\Users\trashfeed\Documents\develop\code\save-as-firstline
11 silly lifecycle save-as-firstline@0.0.6~watch: Args: [ '/d /s /c', 'tsc -watch -p ./' ]
12 verbose stack Error: kill ENOSYS
12 verbose stack     at exports._errnoException (util.js:1026:11)
12 verbose stack     at process.kill (internal/process.js:172:13)
12 verbose stack     at process.listener (C:\Program Files\nodejs\node_modules\npm\node_modules\npmlog\node_modules\gauge\node_modules\signal-exit\index.js:86:15)
12 verbose stack     at emitNone (events.js:91:20)
12 verbose stack     at process.emit (events.js:185:7)
12 verbose stack     at processEmit (C:\Program Files\nodejs\node_modules\npm\node_modules\npmlog\node_modules\gauge\node_modules\signal-exit\index.js:146:32)
12 verbose stack     at processEmit (C:\Program Files\nodejs\node_modules\npm\node_modules\npm-registry-client\node_modules\npmlog\node_modules\gauge\node_modules\signal-exit\index.js:146:32)
12 verbose stack     at Signal.wrap.onsignal (internal/process.js:199:44)
13 verbose cwd C:\Users\trashfeed\Documents\develop\code\save-as-firstline
14 error Windows_NT 10.0.16299
15 error argv "C:\\Program Files\\nodejs\\node.exe" "C:\\Program Files\\nodejs\\node_modules\\npm\\bin\\npm-cli.js" "run" "watch"
16 error node v6.9.1
17 error npm  v3.10.8
18 error code ENOSYS
19 error errno ENOSYS
20 error syscall kill
21 error kill ENOSYS
22 error If you need help, you may report this error at:
22 error     <https://github.com/npm/npm/issues>
23 verbose exit [ 1, true ]
